<?xml version="1.0" encoding="UTF-8"?>
<!-- Generated by org.testng.reporters.JUnitXMLReporter -->
<testsuite hostname="DESKTOP-UODP211" ignored="2" name="Test" tests="3" failures="0" timestamp="02 Apr 2022 16:59:39 GMT" time="28.379" errors="0">
  <testcase name="CreditCardTest" time="0.003" classname="testng.CardTest"/>
  <testcase name="HomeLoanTest" time="0.0" classname="testng.LoanTest"/>
  <testcase name="LoginTestcase1" time="10.425" classname="testng.LoginTest"/>
  <testcase name="Test1" time="0.0" classname="testng.Temp">
    <ignored/>
  </testcase> <!-- Test1 -->
  <testcase name="CarLoanTest" time="0.0" classname="testng.LoanTest">
    <ignored/>
  </testcase> <!-- CarLoanTest -->
</testsuite> <!-- Test -->
