<?xml version="1.0" encoding="UTF-8"?>
<testsuite xmlns:xsi="http://www.w3.org/2001/XMLSchema-instance" xsi:noNamespaceSchemaLocation="https://maven.apache.org/surefire/maven-surefire-plugin/xsd/surefire-test-report-3.0.xsd" version="3.0" name="TestSuite" time="28.73" tests="3" errors="0" skipped="0" failures="0">
  <properties>
[...]
</properties>
  <testcase name="CreditCardTest" classname="testng.CardTest" time="0.004">
    <system-out><![CDATA[Inside CC Test
]]></system-out>
  </testcase>
  <testcase name="HomeLoanTest" classname="testng.LoanTest" time="0">
    <system-out><![CDATA[Inside HomeLoan Test
]]></system-out>
  </testcase>
  <testcase name="LoginTestcase1[pal35swapnil35@fsd.com, pqr@123546436Q](1)" classname="testng.LoginTest" time="10.474">
    <system-out><![CDATA[Actual: The email or password you have entered is invalid.
Expected: The email or password you have entered is invalid.
Total count of Links: 15
href: https://community.simplilearn.com/
href: https://community.simplilearn.com/
href: https://www.google.com/intl/en/chrome/browser/
href: http://www.mozilla.org/en-US/firefox/new/
href: http://www.opera.com/computer/windows
href: http://windows.microsoft.com/en-US/internet-explorer/download-ie
href: https://play.google.com/store/apps/details?id=com.mobile.simplilearn
href: https://itunes.apple.com/app/simplilearn/id963042747?ls=1&mt=8
href: https://accounts.simplilearn.com/user/forgot-password
href: javascript:void(0);
href: javascript:void(0);
href: javascript:void(0);
href: javascript:void(0);
href: https://accounts.simplilearn.com/user/register?redirect_url=https://lms.simplilearn.com/?_gl=1*1wv1cxg*_ga*MTEzOTcwNjkwNy4xNjQ4OTE4NzY0*_ga_CG9EYRX7VL*MTY0ODkxODc2My4xLjAuMTY0ODkxODc2My42MA..
href: https://www.simplilearn.com/terms-and-conditions#/privacy-policy
]]></system-out>
    <system-err><![CDATA[1648918751205	geckodriver	INFO	Listening on 127.0.0.1:61922
1648918751982	mozrunner::runner	INFO	Running command: "C:\\Program Files\\Mozilla Firefox\\firefox.exe" "--marionette" "-no-remote" "-profile" "C:\\Users\\Swapnil\\AppData\\Local\\Temp\\rust_mozprofileEZMq4a"
1648918752380	Marionette	INFO	Marionette enabled
console.warn: SearchSettings: "get: No settings file exists, new profile?" (new NotFoundError("Could not open the file at C:\\Users\\Swapnil\\AppData\\Local\\Temp\\rust_mozprofileEZMq4a\\search.json.mozlz4", (void 0)))
1648918754550	Marionette	INFO	Listening on port 51990
1648918754649	RemoteAgent	WARN	TLS certificate errors will be ignored for this session
Apr 02, 2022 10:29:14 PM org.openqa.selenium.remote.ProtocolHandshake createSession
INFO: Detected dialect: W3C
1648918763563	Marionette	WARN	Ignoring event 'pageshow' because document has an invalid readyState of 'interactive'.
console.warn: LoginRecipes: "getRecipes: falling back to a synchronous message for:" "https://www.simplilearn.com"
JavaScript warning: https://cdn.zarget.com/114939/212078.js, line 3: unreachable code after return statement
JavaScript warning: https://cdn-jp.gsecondscreen.com/static/tac.min.js, line 3: unreachable code after return statement
console.warn: LoginRecipes: "getRecipes: falling back to a synchronous message for:" "https://tr.snapchat.com"
JavaScript error: https://xds.gsecondscreen.com/xds2/, line 23: SyntaxError: JSON.parse: unexpected character at line 1 column 2 of the JSON data
JavaScript error: https://xds.gsecondscreen.com/xds2/, line 23: SyntaxError: JSON.parse: unexpected character at line 1 column 2 of the JSON data
1648918769657	Marionette	WARN	Ignoring event 'DOMContentLoaded' because document has an invalid readyState of 'complete'.
1648918772153	Marionette	WARN	Ignoring event 'pageshow' because document has an invalid readyState of 'interactive'.
JavaScript error: https://cfaccounts.simplicdn.net/core/js/utility.1629879432.js, line 71: SyntaxError: JSON.parse: unexpected character at line 1 column 1 of the JSON data
console.warn: LoginRecipes: "getRecipes: falling back to a synchronous message for:" "https://accounts.simplilearn.com"
console.warn: LoginRecipes: "getRecipes: falling back to a synchronous message for:" "https://accounts.simplilearn.com"
JavaScript error: resource://gre/modules/LoginManagerParent.jsm, line 136: TypeError: gRecipeManager is null
1648918775888	Marionette	WARN	Ignoring event 'pageshow' because document has an invalid readyState of 'interactive'.
JavaScript error: https://cfaccounts.simplicdn.net/core/js/utility.1629879432.js, line 71: SyntaxError: JSON.parse: unexpected character at line 1 column 1 of the JSON data
]]></system-err>
  </testcase>
</testsuite>