<?xml version="1.0" encoding="UTF-8"?>
<testsuite xmlns:xsi="http://www.w3.org/2001/XMLSchema-instance" xsi:noNamespaceSchemaLocation="https://maven.apache.org/surefire/maven-surefire-plugin/xsd/surefire-test-report-3.0.xsd" version="3.0" name="TestSuite" time="11.509" tests="3" errors="0" skipped="0" failures="0">
  <properties>
[...]
</properties>
  <testcase name="CreditCardTest" classname="testng.CardTest" time="0.003">
    <system-out><![CDATA[Inside CC Test
]]></system-out>
  </testcase>
  <testcase name="HomeLoanTest" classname="testng.LoanTest" time="0">
    <system-out><![CDATA[Inside HomeLoan Test
]]></system-out>
  </testcase>
  <testcase name="LoginTestcase1[pal35swapnil35@fsd.com, pqr@123546436Qy](1)" classname="testng.LoginTest" time="7.428">
    <system-out><![CDATA[Actual: The email or password you have entered is invalid.
Expected: The email or password you have entered is invalid.
Total count of Links: 14
href: https://community.simplilearn.com/
href: https://community.simplilearn.com/
href: https://www.google.com/intl/en/chrome/browser/
href: http://www.mozilla.org/en-US/firefox/new/
href: http://www.opera.com/computer/windows
href: http://windows.microsoft.com/en-US/internet-explorer/download-ie
href: https://play.google.com/store/apps/details?id=com.mobile.simplilearn
href: https://itunes.apple.com/app/simplilearn/id963042747?ls=1&mt=8
href: https://accounts.simplilearn.com/user/forgot-password
href: javascript:void(0);
href: javascript:void(0);
href: javascript:void(0);
href: javascript:void(0);
href: https://accounts.simplilearn.com/user/register?redirect_url=https://lms.simplilearn.com/
]]></system-out>
    <system-err><![CDATA[Starting ChromeDriver 99.0.4844.51 (d537ec02474b5afe23684e7963d538896c63ac77-refs/branch-heads/4844@{#875}) on port 58097
Only local connections are allowed.
Please see https://chromedriver.chromium.org/security-considerations for suggestions on keeping ChromeDriver safe.
ChromeDriver was started successfully.
[1649082310.401][WARNING]: This version of ChromeDriver has not been tested with Chrome version 100.
Apr 04, 2022 7:55:10 PM org.openqa.selenium.remote.ProtocolHandshake createSession
INFO: Detected dialect: W3C
]]></system-err>
  </testcase>
</testsuite>